[32m2023-11-09 07:55:23 -0500[0m - dagster - [34mDEBUG[0m - __ASSET_JOB - acc90be9-c375-4f5e-872b-e25df047f29d - 88355 - LOGS_CAPTURED - Started capturing logs in process (pid: 88355).
[32m2023-11-09 07:55:23 -0500[0m - dagster - [34mDEBUG[0m - __ASSET_JOB - acc90be9-c375-4f5e-872b-e25df047f29d - 88355 - clean_527_data - STEP_START - Started execution of step "clean_527_data".
[32m2023-11-09 07:55:23 -0500[0m - dagster - [34mDEBUG[0m - __ASSET_JOB - acc90be9-c375-4f5e-872b-e25df047f29d - 88355 - clean_527_data - LOADED_INPUT - Loaded input "data_dictionary" using input manager "local_io_manager", from output "result" of step "data_dictionary"
[32m2023-11-09 07:55:23 -0500[0m - dagster - [34mDEBUG[0m - __ASSET_JOB - acc90be9-c375-4f5e-872b-e25df047f29d - 88355 - clean_527_data - LOADED_INPUT - Loaded input "raw_527_data" using input manager "local_io_manager", from output "result" of step "raw_527_data"
[32m2023-11-09 07:55:23 -0500[0m - dagster - [34mDEBUG[0m - __ASSET_JOB - acc90be9-c375-4f5e-872b-e25df047f29d - 88355 - clean_527_data - STEP_INPUT - Got input "data_dictionary" of type "dict". (Type check passed).
[32m2023-11-09 07:55:23 -0500[0m - dagster - [34mDEBUG[0m - __ASSET_JOB - acc90be9-c375-4f5e-872b-e25df047f29d - 88355 - clean_527_data - STEP_INPUT - Got input "raw_527_data" of type "String". (Type check passed).
[32m2023-11-09 07:55:23 -0500[0m - dagster - [34mINFO[0m - __ASSET_JOB - acc90be9-c375-4f5e-872b-e25df047f29d - clean_527_data - Processed 0.0M rows processed so far.
[32m2023-11-09 07:55:23 -0500[0m - dagster - [34mINFO[0m - __ASSET_JOB - acc90be9-c375-4f5e-872b-e25df047f29d - clean_527_data - ['H', '20231104', '0316', 'F', '']
[32m2023-11-09 07:55:47 -0500[0m - dagster - [34mINFO[0m - __ASSET_JOB - acc90be9-c375-4f5e-872b-e25df047f29d - clean_527_data - Processed 1.0M rows processed so far.
[32m2023-11-09 07:56:09 -0500[0m - dagster - [34mINFO[0m - __ASSET_JOB - acc90be9-c375-4f5e-872b-e25df047f29d - clean_527_data - Processed 2.0M rows processed so far.
[32m2023-11-09 07:56:31 -0500[0m - dagster - [34mINFO[0m - __ASSET_JOB - acc90be9-c375-4f5e-872b-e25df047f29d - clean_527_data - Processed 3.0M rows processed so far.
[32m2023-11-09 07:56:53 -0500[0m - dagster - [34mINFO[0m - __ASSET_JOB - acc90be9-c375-4f5e-872b-e25df047f29d - clean_527_data - Processed 4.0M rows processed so far.
[32m2023-11-09 07:57:15 -0500[0m - dagster - [34mINFO[0m - __ASSET_JOB - acc90be9-c375-4f5e-872b-e25df047f29d - clean_527_data - Processed 5.0M rows processed so far.
[32m2023-11-09 07:57:37 -0500[0m - dagster - [34mINFO[0m - __ASSET_JOB - acc90be9-c375-4f5e-872b-e25df047f29d - clean_527_data - Processed 6.0M rows processed so far.
[32m2023-11-09 07:58:04 -0500[0m - dagster - [34mINFO[0m - __ASSET_JOB - acc90be9-c375-4f5e-872b-e25df047f29d - clean_527_data - Processed 7.0M rows processed so far.
[32m2023-11-09 07:58:25 -0500[0m - dagster - [34mINFO[0m - __ASSET_JOB - acc90be9-c375-4f5e-872b-e25df047f29d - clean_527_data - Processed 8.0M rows processed so far.
[32m2023-11-09 07:58:47 -0500[0m - dagster - [34mINFO[0m - __ASSET_JOB - acc90be9-c375-4f5e-872b-e25df047f29d - clean_527_data - Processed 9.0M rows processed so far.
[32m2023-11-09 07:59:09 -0500[0m - dagster - [34mINFO[0m - __ASSET_JOB - acc90be9-c375-4f5e-872b-e25df047f29d - clean_527_data - Processed 10.0M rows processed so far.
[32m2023-11-09 07:59:30 -0500[0m - dagster - [34mINFO[0m - __ASSET_JOB - acc90be9-c375-4f5e-872b-e25df047f29d - clean_527_data - Processed 11.0M rows processed so far.
[32m2023-11-09 07:59:52 -0500[0m - dagster - [34mINFO[0m - __ASSET_JOB - acc90be9-c375-4f5e-872b-e25df047f29d - clean_527_data - Processed 12.0M rows processed so far.
[32m2023-11-09 08:00:14 -0500[0m - dagster - [34mINFO[0m - __ASSET_JOB - acc90be9-c375-4f5e-872b-e25df047f29d - clean_527_data - Processed 13.0M rows processed so far.
[32m2023-11-09 08:00:23 -0500[0m - dagster - [34mDEBUG[0m - __ASSET_JOB - acc90be9-c375-4f5e-872b-e25df047f29d - 88355 - clean_527_data - STEP_OUTPUT - Yielded output "landing_527_form8871" of type "Any". (Type check passed).
[32m2023-11-09 08:00:26 -0500[0m - dagster - [34mERROR[0m - [31m__ASSET_JOB - acc90be9-c375-4f5e-872b-e25df047f29d - 88355 - clean_527_data - STEP_FAILURE - Execution of step "clean_527_data" failed.

dagster._core.errors.DagsterExecutionHandleOutputError: Error occurred while handling output "landing_527_form8871" of step "clean_527_data"::

TypeError: upload_file() got an unexpected keyword argument 'filename'

Stack Trace:
  File "/Users/isaacflath/github/codenym/DataPipelines/venv/lib/python3.9/site-packages/dagster/_core/execution/plan/utils.py", line 54, in op_execution_error_boundary
    yield
  File "/Users/isaacflath/github/codenym/DataPipelines/venv/lib/python3.9/site-packages/dagster/_utils/__init__.py", line 461, in iterate_with_context
    next_output = next(iterator)
  File "/Users/isaacflath/github/codenym/DataPipelines/venv/lib/python3.9/site-packages/dagster/_core/execution/plan/execute_step.py", line 722, in _gen_fn
    gen_output = output_manager.handle_output(output_context, output.value)
  File "/Users/isaacflath/github/codenym/DataPipelines/datanym/resources/local_to_s3_managers.py", line 42, in handle_output
    s3.upload_file(filename=local_file_path,
[0m
