[32m2023-12-16 08:22:23 -0500[0m - dagster - [34mDEBUG[0m - __ASSET_JOB - 7d6ce9c9-ced8-42ed-bc3f-9f38c19279fb - 70891 - LOGS_CAPTURED - Started capturing logs in process (pid: 70891).
[32m2023-12-16 08:22:23 -0500[0m - dagster - [34mDEBUG[0m - __ASSET_JOB - 7d6ce9c9-ced8-42ed-bc3f-9f38c19279fb - 70891 - parse_reps - STEP_START - Started execution of step "parse_reps".
[32m2023-12-16 08:22:23 -0500[0m - dagster - [34mDEBUG[0m - __ASSET_JOB - 7d6ce9c9-ced8-42ed-bc3f-9f38c19279fb - parse_reps - Loading file from: /Users/felix/Projects/codenym/DataPipelines/tmp5hel9t2j/storage/house_reps_download using PickledObjectFilesystemIOManager...
[32m2023-12-16 08:22:23 -0500[0m - dagster - [34mDEBUG[0m - __ASSET_JOB - 7d6ce9c9-ced8-42ed-bc3f-9f38c19279fb - 70891 - parse_reps - ASSET_OBSERVATION - DagsterEventType.ASSET_OBSERVATION for step parse_reps
[32m2023-12-16 08:22:23 -0500[0m - dagster - [34mDEBUG[0m - __ASSET_JOB - 7d6ce9c9-ced8-42ed-bc3f-9f38c19279fb - 70891 - parse_reps - LOADED_INPUT - Loaded input "house_reps_download" using input manager "io_manager"
[32m2023-12-16 08:22:23 -0500[0m - dagster - [34mDEBUG[0m - __ASSET_JOB - 7d6ce9c9-ced8-42ed-bc3f-9f38c19279fb - 70891 - parse_reps - STEP_INPUT - Got input "house_reps_download" of type "Any". (Type check passed).
[32m2023-12-16 08:22:27 -0500[0m - dagster - [34mDEBUG[0m - __ASSET_JOB - 7d6ce9c9-ced8-42ed-bc3f-9f38c19279fb - 70891 - parse_reps - STEP_OUTPUT - Yielded output "reps_staging" of type "[dict]". (Type check passed).
[32m2023-12-16 08:22:29 -0500[0m - dagster - [34mDEBUG[0m - __ASSET_JOB - 7d6ce9c9-ced8-42ed-bc3f-9f38c19279fb - 70891 - parse_reps - ASSET_MATERIALIZATION - Materialized value reps_staging.
[32m2023-12-16 08:22:29 -0500[0m - dagster - [34mDEBUG[0m - __ASSET_JOB - 7d6ce9c9-ced8-42ed-bc3f-9f38c19279fb - 70891 - parse_reps - HANDLED_OUTPUT - Handled output "reps_staging" using IO manager "local_to_s3_io_manager"
[32m2023-12-16 08:22:29 -0500[0m - dagster - [34mDEBUG[0m - __ASSET_JOB - 7d6ce9c9-ced8-42ed-bc3f-9f38c19279fb - 70891 - parse_reps - STEP_OUTPUT - Yielded output "terms_staging" of type "[dict]". (Type check passed).
[32m2023-12-16 08:22:29 -0500[0m - dagster - [34mERROR[0m - [31m__ASSET_JOB - 7d6ce9c9-ced8-42ed-bc3f-9f38c19279fb - 70891 - parse_reps - STEP_FAILURE - Execution of step "parse_reps" failed.

dagster._core.errors.DagsterExecutionHandleOutputError: Error occurred while handling output "terms_staging" of step "parse_reps"::

ValueError: dict contains fields not in fieldnames: 'caucus'

Stack Trace:
  File "/Users/felix/Projects/codenym/DataPipelines/.venv/lib/python3.11/site-packages/dagster/_core/execution/plan/utils.py", line 54, in op_execution_error_boundary
    yield
  File "/Users/felix/Projects/codenym/DataPipelines/.venv/lib/python3.11/site-packages/dagster/_utils/__init__.py", line 465, in iterate_with_context
    next_output = next(iterator)
                  ^^^^^^^^^^^^^^
  File "/Users/felix/Projects/codenym/DataPipelines/.venv/lib/python3.11/site-packages/dagster/_core/execution/plan/execute_step.py", line 724, in _gen_fn
    gen_output = output_manager.handle_output(output_context, output.value)
                 ^^^^^^^^^^^^^^^^^^^^^^^^^^^^^^^^^^^^^^^^^^^^^^^^^^^^^^^^^^
  File "/Users/felix/Projects/codenym/DataPipelines/datanym/resources/local_to_s3_managers.py", line 53, in handle_output
    dict_writer.writerows(obj)
  File "/usr/local/Cellar/python@3.11/3.11.6_1/Frameworks/Python.framework/Versions/3.11/lib/python3.11/csv.py", line 157, in writerows
    return self.writer.writerows(map(self._dict_to_list, rowdicts))
           ^^^^^^^^^^^^^^^^^^^^^^^^^^^^^^^^^^^^^^^^^^^^^^^^^^^^^^^^
  File "/usr/local/Cellar/python@3.11/3.11.6_1/Frameworks/Python.framework/Versions/3.11/lib/python3.11/csv.py", line 149, in _dict_to_list
    raise ValueError("dict contains fields not in fieldnames: "
[0m
