[32m2023-11-09 08:23:06 -0500[0m - dagster - [34mDEBUG[0m - __ASSET_JOB - 121961f6-e6be-4f0b-8aca-97a41c6d6af3 - 89557 - LOGS_CAPTURED - Started capturing logs in process (pid: 89557).
[32m2023-11-09 08:23:06 -0500[0m - dagster - [34mDEBUG[0m - __ASSET_JOB - 121961f6-e6be-4f0b-8aca-97a41c6d6af3 - 89557 - clean_527_data - STEP_START - Started execution of step "clean_527_data".
[32m2023-11-09 08:23:06 -0500[0m - dagster - [34mDEBUG[0m - __ASSET_JOB - 121961f6-e6be-4f0b-8aca-97a41c6d6af3 - 89557 - clean_527_data - LOADED_INPUT - Loaded input "data_dictionary" using input manager "local_io_manager", from output "result" of step "data_dictionary"
[32m2023-11-09 08:23:06 -0500[0m - dagster - [34mDEBUG[0m - __ASSET_JOB - 121961f6-e6be-4f0b-8aca-97a41c6d6af3 - 89557 - clean_527_data - LOADED_INPUT - Loaded input "raw_527_data" using input manager "local_io_manager", from output "result" of step "raw_527_data"
[32m2023-11-09 08:23:06 -0500[0m - dagster - [34mDEBUG[0m - __ASSET_JOB - 121961f6-e6be-4f0b-8aca-97a41c6d6af3 - 89557 - clean_527_data - STEP_INPUT - Got input "data_dictionary" of type "dict". (Type check passed).
[32m2023-11-09 08:23:06 -0500[0m - dagster - [34mDEBUG[0m - __ASSET_JOB - 121961f6-e6be-4f0b-8aca-97a41c6d6af3 - 89557 - clean_527_data - STEP_INPUT - Got input "raw_527_data" of type "String". (Type check passed).
[32m2023-11-09 08:23:06 -0500[0m - dagster - [34mINFO[0m - __ASSET_JOB - 121961f6-e6be-4f0b-8aca-97a41c6d6af3 - clean_527_data - Processed 0.0M rows processed so far.
[32m2023-11-09 08:23:06 -0500[0m - dagster - [34mINFO[0m - __ASSET_JOB - 121961f6-e6be-4f0b-8aca-97a41c6d6af3 - clean_527_data - ['H', '20231104', '0316', 'F', '']
[32m2023-11-09 08:23:28 -0500[0m - dagster - [34mINFO[0m - __ASSET_JOB - 121961f6-e6be-4f0b-8aca-97a41c6d6af3 - clean_527_data - Processed 1.0M rows processed so far.
[32m2023-11-09 08:23:28 -0500[0m - dagster - [34mDEBUG[0m - __ASSET_JOB - 121961f6-e6be-4f0b-8aca-97a41c6d6af3 - 89557 - clean_527_data - STEP_OUTPUT - Yielded output "landing_527_form8871" of type "Any". (Type check passed).
[32m2023-11-09 08:23:38 -0500[0m - dagster - [34mDEBUG[0m - __ASSET_JOB - 121961f6-e6be-4f0b-8aca-97a41c6d6af3 - 89557 - clean_527_data - ASSET_MATERIALIZATION - Materialized value landing_527_form8871.
[32m2023-11-09 08:23:38 -0500[0m - dagster - [34mDEBUG[0m - __ASSET_JOB - 121961f6-e6be-4f0b-8aca-97a41c6d6af3 - 89557 - clean_527_data - HANDLED_OUTPUT - Handled output "landing_527_form8871" using IO manager "local_to_s3_io_manager"
[32m2023-11-09 08:23:38 -0500[0m - dagster - [34mDEBUG[0m - __ASSET_JOB - 121961f6-e6be-4f0b-8aca-97a41c6d6af3 - 89557 - clean_527_data - STEP_OUTPUT - Yielded output "landing_527_form8871_directors_officers" of type "Any". (Type check passed).
[32m2023-11-09 08:23:48 -0500[0m - dagster - [34mDEBUG[0m - __ASSET_JOB - 121961f6-e6be-4f0b-8aca-97a41c6d6af3 - 89557 - clean_527_data - ASSET_MATERIALIZATION - Materialized value landing_527_form8871_directors_officers.
[32m2023-11-09 08:23:48 -0500[0m - dagster - [34mDEBUG[0m - __ASSET_JOB - 121961f6-e6be-4f0b-8aca-97a41c6d6af3 - 89557 - clean_527_data - HANDLED_OUTPUT - Handled output "landing_527_form8871_directors_officers" using IO manager "local_to_s3_io_manager"
[32m2023-11-09 08:23:48 -0500[0m - dagster - [34mDEBUG[0m - __ASSET_JOB - 121961f6-e6be-4f0b-8aca-97a41c6d6af3 - 89557 - clean_527_data - STEP_OUTPUT - Yielded output "landing_527_form8871_related_entities" of type "Any". (Type check passed).
[32m2023-11-09 08:23:52 -0500[0m - dagster - [34mDEBUG[0m - __ASSET_JOB - 121961f6-e6be-4f0b-8aca-97a41c6d6af3 - 89557 - clean_527_data - ASSET_MATERIALIZATION - Materialized value landing_527_form8871_related_entities.
[32m2023-11-09 08:23:52 -0500[0m - dagster - [34mDEBUG[0m - __ASSET_JOB - 121961f6-e6be-4f0b-8aca-97a41c6d6af3 - 89557 - clean_527_data - HANDLED_OUTPUT - Handled output "landing_527_form8871_related_entities" using IO manager "local_to_s3_io_manager"
[32m2023-11-09 08:23:52 -0500[0m - dagster - [34mDEBUG[0m - __ASSET_JOB - 121961f6-e6be-4f0b-8aca-97a41c6d6af3 - 89557 - clean_527_data - STEP_OUTPUT - Yielded output "landing_527_form8871_ein" of type "Any". (Type check passed).
[32m2023-11-09 08:23:53 -0500[0m - dagster - [34mDEBUG[0m - __ASSET_JOB - 121961f6-e6be-4f0b-8aca-97a41c6d6af3 - 89557 - clean_527_data - ASSET_MATERIALIZATION - Materialized value landing_527_form8871_ein.
[32m2023-11-09 08:23:53 -0500[0m - dagster - [34mDEBUG[0m - __ASSET_JOB - 121961f6-e6be-4f0b-8aca-97a41c6d6af3 - 89557 - clean_527_data - HANDLED_OUTPUT - Handled output "landing_527_form8871_ein" using IO manager "local_to_s3_io_manager"
[32m2023-11-09 08:23:53 -0500[0m - dagster - [34mDEBUG[0m - __ASSET_JOB - 121961f6-e6be-4f0b-8aca-97a41c6d6af3 - 89557 - clean_527_data - STEP_OUTPUT - Yielded output "landing_527_form8872" of type "Any". (Type check passed).
[32m2023-11-09 08:23:55 -0500[0m - dagster - [34mDEBUG[0m - __ASSET_JOB - 121961f6-e6be-4f0b-8aca-97a41c6d6af3 - 89557 - clean_527_data - ASSET_MATERIALIZATION - Materialized value landing_527_form8872.
[32m2023-11-09 08:23:55 -0500[0m - dagster - [34mDEBUG[0m - __ASSET_JOB - 121961f6-e6be-4f0b-8aca-97a41c6d6af3 - 89557 - clean_527_data - HANDLED_OUTPUT - Handled output "landing_527_form8872" using IO manager "local_to_s3_io_manager"
[32m2023-11-09 08:23:55 -0500[0m - dagster - [34mDEBUG[0m - __ASSET_JOB - 121961f6-e6be-4f0b-8aca-97a41c6d6af3 - 89557 - clean_527_data - STEP_OUTPUT - Yielded output "landing_527_form8872_schedule_a" of type "Any". (Type check passed).
[32m2023-11-09 08:24:32 -0500[0m - dagster - [34mDEBUG[0m - __ASSET_JOB - 121961f6-e6be-4f0b-8aca-97a41c6d6af3 - 89557 - clean_527_data - ASSET_MATERIALIZATION - Materialized value landing_527_form8872_schedule_a.
[32m2023-11-09 08:24:32 -0500[0m - dagster - [34mDEBUG[0m - __ASSET_JOB - 121961f6-e6be-4f0b-8aca-97a41c6d6af3 - 89557 - clean_527_data - HANDLED_OUTPUT - Handled output "landing_527_form8872_schedule_a" using IO manager "local_to_s3_io_manager"
[32m2023-11-09 08:24:32 -0500[0m - dagster - [34mDEBUG[0m - __ASSET_JOB - 121961f6-e6be-4f0b-8aca-97a41c6d6af3 - 89557 - clean_527_data - STEP_OUTPUT - Yielded output "landing_527_form8872_schedule_b" of type "Any". (Type check passed).
[32m2023-11-09 08:24:40 -0500[0m - dagster - [34mDEBUG[0m - __ASSET_JOB - 121961f6-e6be-4f0b-8aca-97a41c6d6af3 - 89557 - clean_527_data - ASSET_MATERIALIZATION - Materialized value landing_527_form8872_schedule_b.
[32m2023-11-09 08:24:40 -0500[0m - dagster - [34mDEBUG[0m - __ASSET_JOB - 121961f6-e6be-4f0b-8aca-97a41c6d6af3 - 89557 - clean_527_data - HANDLED_OUTPUT - Handled output "landing_527_form8872_schedule_b" using IO manager "local_to_s3_io_manager"
[32m2023-11-09 08:24:41 -0500[0m - dagster - [34mDEBUG[0m - __ASSET_JOB - 121961f6-e6be-4f0b-8aca-97a41c6d6af3 - 89557 - clean_527_data - STEP_SUCCESS - Finished execution of step "clean_527_data" in 1m34s.
